<?xml version="1.0" encoding="UTF-8"?>
<Site BuildName="Win32-mingw32-make"
	BuildStamp="20210725-1034-Experimental"
	Name="Abdo-PC"
	Generator="ctest-3.21.0-rc2"
	CompilerName="C:/MinGW/bin/mingw32-g++.exe"
	CompilerVersion="6.3.0"
	OSName="Windows"
	Hostname="Abdo-PC"
	OSRelease="7"
	OSVersion="Service Pack 1 (Build 7601)"
	OSPlatform="AMD64"
	Is64Bits="1"
	VendorString="GenuineIntel"
	VendorID="Intel Corporation"
	FamilyID="6"
	ModelID="7"
	ProcessorCacheSize="-1"
	NumberOfLogicalCPU="2"
	NumberOfPhysicalCPU="2"
	TotalVirtualMemory="7857"
	TotalPhysicalMemory="3929"
	LogicalProcessorsPerPhysical="1"
	ProcessorClockFrequency="3158"
	>
	<Testing>
		<StartDateTime>Jul 25 12:35 Egypt Standard Time</StartDateTime>
		<StartTestTime>1627209302</StartTestTime>
		<TestList/>
		<EndDateTime>Jul 25 12:35 Egypt Standard Time</EndDateTime>
		<EndTestTime>1627209302</EndTestTime>
		<ElapsedMinutes>0</ElapsedMinutes>
	</Testing>
</Site>
